#
# A fatal error has been detected by the Java Runtime Environment:
#
#  SIGSEGV (0xb) at pc=0x00007f4312d15231, pid=25104, tid=25120
#
# JRE version: Java(TM) SE Runtime Environment (14.0.1+7) (build 14.0.1+7)
# Java VM: Java HotSpot(TM) 64-Bit Server VM (14.0.1+7, mixed mode, sharing, tiered, compressed oops, g1 gc, linux-amd64)
# Problematic frame:
# C  [libjimage.so+0x4231]  ImageStrings::find(Endian*, char const*, int*, unsigned int)+0x71
#
# Core dump will be written. Default location: Core dumps may be processed with "/usr/share/apport/apport %p %s %c %d %P %E" (or dumping to /home/sina/my_work_place/springboot-jpa1/database-demo/database-dedmo/core.25104)
#
# If you would like to submit a bug report, please visit:
#   https://bugreport.java.com/bugreport/crash.jsp
#

---------------  S U M M A R Y ------------

Command Line: -agentlib:jdwp=transport=dt_socket,suspend=y,address=localhost:39193 -ea -javaagent:/media/sina/7bba6bec-3f6f-41a9-b1a2-1eaa8f89608b/dedd/programming/eclipse-jee-2020-06-R-linux-gtk-x86_64/eclipse/configuration/org.eclipse.osgi/406/0/.cp/lib/javaagent-shaded.jar -Dfile.encoding=UTF-8 org.eclipse.jdt.internal.junit.runner.RemoteTestRunner -version 3 -port 43653 -testLoaderClass org.eclipse.jdt.internal.junit5.runner.JUnit5TestLoader -loaderpluginname org.eclipse.jdt.junit5.runtime -classNames com.sinasample.database.databasedemo.CourseRepositoryTest

Host: Intel(R) Core(TM) i3-2330M CPU @ 2.20GHz, 4 cores, 3G, Ubuntu 20.04 LTS
Time: Wed Jul 29 12:36:16 2020 +0430 elapsed time: 307 seconds (0d 0h 5m 7s)

---------------  T H R E A D  ---------------

Current thread (0x00007f430c126000):  JavaThread "Signal Dispatcher" daemon [_thread_in_vm, id=25120, stack(0x00007f42e41cd000,0x00007f42e42ce000)]

Stack: [0x00007f42e41cd000,0x00007f42e42ce000],  sp=0x00007f42e42cb1d0,  free space=1016k
Native frames: (J=compiled Java code, A=aot compiled Java code, j=interpreted, Vv=VM code, C=native code)
C  [libjimage.so+0x4231]  ImageStrings::find(Endian*, char const*, int*, unsigned int)+0x71
C  [libjimage.so+0x4d7a]  ImageFileReader::find_location_index(char const*, unsigned long long*) const+0x3a
C  [libjimage.so+0x5271]  JIMAGE_FindResource+0xf1
V  [libjvm.so+0x50f4c3]